# JRE version: OpenJDK Runtime Environment (17.0.2+8) (build 17.0.2+8-86)
# Java VM: OpenJDK 64-Bit Server VM (17.0.2+8-86, mixed mode, sharing, tiered, compressed oops, compressed class ptrs, g1 gc, windows-amd64)
GC Precious Log:
 CPUs: 8 total, 8 available
 Memory: 7975M
 Large Page Support: Disabled
 NUMA Support: Disabled
 Compressed Oops: Enabled (32-bit)
 Heap Region Size: 1M
 Heap Min Capacity: 8M
 Heap Initial Capacity: 126M
 Heap Max Capacity: 1994M
 Pre-touch: Disabled
 Parallel Workers: 8
 Concurrent Workers: 2
 Concurrent Refinement Workers: 8
 Periodic GC: Disabled
Heap:
 garbage-first heap   total 129024K, used 100212K [0x0000000083600000, 0x0000000100000000)
  region size 1024K, 19 young (19456K), 2 survivors (2048K)
 Metaspace       used 77581K, committed 78208K, reserved 1122304K
  class space    used 10272K, committed 10560K, reserved 1048576K
GC Heap History (20 events):
Event: 310.132 GC heap before
{Heap before GC invocations=165 (full 0):
 garbage-first heap   total 129024K, used 111783K [0x0000000083600000, 0x0000000100000000)
  region size 1024K, 29 young (29696K), 1 survivors (1024K)
 Metaspace       used 77569K, committed 78208K, reserved 1122304K
  class space    used 10268K, committed 10560K, reserved 1048576K
}
Event: 310.134 GC heap after
{Heap after GC invocations=166 (full 0):
 garbage-first heap   total 129024K, used 84160K [0x0000000083600000, 0x0000000100000000)
  region size 1024K, 1 young (1024K), 1 survivors (1024K)
 Metaspace       used 77569K, committed 78208K, reserved 1122304K
  class space    used 10268K, committed 10560K, reserved 1048576K
}
Event: 310.409 GC heap before
{Heap before GC invocations=166 (full 0):
 garbage-first heap   total 129024K, used 111808K [0x0000000083600000, 0x0000000100000000)
  region size 1024K, 29 young (29696K), 1 survivors (1024K)
 Metaspace       used 77569K, committed 78208K, reserved 1122304K
  class space    used 10268K, committed 10560K, reserved 1048576K
}
Event: 310.410 GC heap after
{Heap after GC invocations=167 (full 0):
 garbage-first heap   total 129024K, used 84230K [0x0000000083600000, 0x0000000100000000)
  region size 1024K, 1 young (1024K), 1 survivors (1024K)
 Metaspace       used 77569K, committed 78208K, reserved 1122304K
  class space    used 10268K, committed 10560K, reserved 1048576K
}
Event: 310.611 GC heap before
{Heap before GC invocations=167 (full 0):
 garbage-first heap   total 129024K, used 112902K [0x0000000083600000, 0x0000000100000000)
  region size 1024K, 29 young (29696K), 1 survivors (1024K)
 Metaspace       used 77569K, committed 78208K, reserved 1122304K
  class space    used 10268K, committed 10560K, reserved 1048576K
}
Event: 310.612 GC heap after
{Heap after GC invocations=168 (full 0):
 garbage-first heap   total 129024K, used 84299K [0x0000000083600000, 0x0000000100000000)
  region size 1024K, 1 young (1024K), 1 survivors (1024K)
 Metaspace       used 77569K, committed 78208K, reserved 1122304K
  class space    used 10268K, committed 10560K, reserved 1048576K
}
Event: 310.818 GC heap before
{Heap before GC invocations=168 (full 0):
 garbage-first heap   total 129024K, used 111947K [0x0000000083600000, 0x0000000100000000)
  region size 1024K, 29 young (29696K), 1 survivors (1024K)
 Metaspace       used 77569K, committed 78208K, reserved 1122304K
  class space    used 10268K, committed 10560K, reserved 1048576K
}
Event: 310.820 GC heap after
{Heap after GC invocations=169 (full 0):
 garbage-first heap   total 129024K, used 84401K [0x0000000083600000, 0x0000000100000000)
  region size 1024K, 1 young (1024K), 1 survivors (1024K)
 Metaspace       used 77569K, committed 78208K, reserved 1122304K
  class space    used 10268K, committed 10560K, reserved 1048576K
}
Event: 311.044 GC heap before
{Heap before GC invocations=169 (full 0):
 garbage-first heap   total 129024K, used 113073K [0x0000000083600000, 0x0000000100000000)
  region size 1024K, 30 young (30720K), 1 survivors (1024K)
 Metaspace       used 77569K, committed 78208K, reserved 1122304K
  class space    used 10268K, committed 10560K, reserved 1048576K
}
Event: 311.050 GC heap after
{Heap after GC invocations=170 (full 0):
 garbage-first heap   total 129024K, used 84474K [0x0000000083600000, 0x0000000100000000)
  region size 1024K, 1 young (1024K), 1 survivors (1024K)
 Metaspace       used 77569K, committed 78208K, reserved 1122304K
  class space    used 10268K, committed 10560K, reserved 1048576K
}
Event: 311.301 GC heap before
{Heap before GC invocations=170 (full 0):
 garbage-first heap   total 129024K, used 114170K [0x0000000083600000, 0x0000000100000000)
  region size 1024K, 30 young (30720K), 1 survivors (1024K)
 Metaspace       used 77569K, committed 78208K, reserved 1122304K
  class space    used 10268K, committed 10560K, reserved 1048576K
}
Event: 311.303 GC heap after
{Heap after GC invocations=171 (full 0):
 garbage-first heap   total 129024K, used 84520K [0x0000000083600000, 0x0000000100000000)
  region size 1024K, 1 young (1024K), 1 survivors (1024K)
 Metaspace       used 77569K, committed 78208K, reserved 1122304K
  class space    used 10268K, committed 10560K, reserved 1048576K
}
Event: 311.583 GC heap before
{Heap before GC invocations=171 (full 0):
 garbage-first heap   total 129024K, used 113192K [0x0000000083600000, 0x0000000100000000)
  region size 1024K, 30 young (30720K), 1 survivors (1024K)
 Metaspace       used 77569K, committed 78208K, reserved 1122304K
  class space    used 10268K, committed 10560K, reserved 1048576K
}
Event: 311.584 GC heap after
{Heap after GC invocations=172 (full 0):
 garbage-first heap   total 129024K, used 84564K [0x0000000083600000, 0x0000000100000000)
  region size 1024K, 2 young (2048K), 2 survivors (2048K)
 Metaspace       used 77569K, committed 78208K, reserved 1122304K
  class space    used 10268K, committed 10560K, reserved 1048576K
}
Event: 311.807 GC heap before
{Heap before GC invocations=172 (full 0):
 garbage-first heap   total 129024K, used 112212K [0x0000000083600000, 0x0000000100000000)
  region size 1024K, 29 young (29696K), 2 survivors (2048K)
 Metaspace       used 77569K, committed 78208K, reserved 1122304K
  class space    used 10268K, committed 10560K, reserved 1048576K
}
Event: 311.809 GC heap after
{Heap after GC invocations=173 (full 0):
 garbage-first heap   total 129024K, used 84655K [0x0000000083600000, 0x0000000100000000)
  region size 1024K, 2 young (2048K), 2 survivors (2048K)
 Metaspace       used 77569K, committed 78208K, reserved 1122304K
  class space    used 10268K, committed 10560K, reserved 1048576K
}
Event: 312.038 GC heap before
{Heap before GC invocations=173 (full 0):
 garbage-first heap   total 129024K, used 111279K [0x0000000083600000, 0x0000000100000000)
  region size 1024K, 29 young (29696K), 2 survivors (2048K)
 Metaspace       used 77569K, committed 78208K, reserved 1122304K
  class space    used 10268K, committed 10560K, reserved 1048576K
}
Event: 312.040 GC heap after
{Heap after GC invocations=174 (full 0):
 garbage-first heap   total 129024K, used 84766K [0x0000000083600000, 0x0000000100000000)
  region size 1024K, 2 young (2048K), 2 survivors (2048K)
 Metaspace       used 77569K, committed 78208K, reserved 1122304K
  class space    used 10268K, committed 10560K, reserved 1048576K
}
Event: 312.297 GC heap before
{Heap before GC invocations=174 (full 0):
 garbage-first heap   total 129024K, used 111390K [0x0000000083600000, 0x0000000100000000)
  region size 1024K, 29 young (29696K), 2 survivors (2048K)
 Metaspace       used 77569K, committed 78208K, reserved 1122304K
  class space    used 10268K, committed 10560K, reserved 1048576K
}
Event: 312.300 GC heap after
{Heap after GC invocations=175 (full 0):
 garbage-first heap   total 129024K, used 84852K [0x0000000083600000, 0x0000000100000000)
  region size 1024K, 2 young (2048K), 2 survivors (2048K)
 Metaspace       used 77569K, committed 78208K, reserved 1122304K
  class space    used 10268K, committed 10560K, reserved 1048576K
}

